<?xml version="1.0" encoding="UTF-8"?>
<testng-results ignored="0" total="3" passed="2" failed="1" skipped="0">
  <reporter-output>
  </reporter-output>
  <suite started-at="2023-12-08T16:43:37 IST" name="Default suite" finished-at="2023-12-08T16:44:32 IST" duration-ms="54276">
    <groups>
      <group name="cucumber">
        <method signature="AbstractTestNGCucumberTests.runScenario(io.cucumber.testng.PickleWrapper,io.cucumber.testng.FeatureWrapper)[pri:0, instance:TestRunner.Runner@5bda8e08]" name="runScenario" class="io.cucumber.testng.AbstractTestNGCucumberTests"/>
      </group> <!-- cucumber -->
    </groups>
    <test started-at="2023-12-08T16:43:37 IST" name="Default test" finished-at="2023-12-08T16:44:32 IST" duration-ms="54276">
      <class name="TestRunner.Runner">
        <test-method is-config="true" signature="setUpClass()[pri:0, instance:TestRunner.Runner@5bda8e08]" started-at="2023-12-08T16:43:37 IST" name="setUpClass" finished-at="2023-12-08T16:43:38 IST" duration-ms="644" status="PASS">
          <reporter-output>
          </reporter-output>
        </test-method> <!-- setUpClass -->
        <test-method signature="runScenario(io.cucumber.testng.PickleWrapper,io.cucumber.testng.FeatureWrapper)[pri:0, instance:TestRunner.Runner@5bda8e08]" started-at="2023-12-08T16:43:38 IST" name="runScenario" description="Runs Cucumber Scenarios" data-provider="scenarios" finished-at="2023-12-08T16:44:02 IST" duration-ms="24459" status="FAIL">
          <params>
            <param index="0">
              <value>
                <![CDATA["Add A Product To The Cart"]]>
              </value>
            </param>
            <param index="1">
              <value>
                <![CDATA["Optional[This is Book Cart Appliaction Demo]"]]>
              </value>
            </param>
          </params>
          <exception class="java.lang.AssertionError">
            <message>
              <![CDATA[expected [1] but found [0]]]>
            </message>
            <full-stacktrace>
              <![CDATA[java.lang.AssertionError: expected [1] but found [0]
at org.testng.Assert.fail(Assert.java:110)
at org.testng.Assert.failNotEquals(Assert.java:1577)
at org.testng.Assert.assertEqualsImpl(Assert.java:149)
at org.testng.Assert.assertEquals(Assert.java:131)
at org.testng.Assert.assertEquals(Assert.java:655)
at org.testng.Assert.assertEquals(Assert.java:665)
at StepDefention.AddToCart.theCartBadgeShouldBeUpdated(AddToCart.java:95)
at âœ½.The Cart Badge Should Be Updated(file:///C:/Users/admin/eclipse-workspace/Cucumber_Project/src/test/resources/FeatruesFills/AddToCart.feature:14)
]]>
            </full-stacktrace>
          </exception> <!-- java.lang.AssertionError -->
          <reporter-output>
          </reporter-output>
        </test-method> <!-- runScenario -->
        <test-method signature="runScenario(io.cucumber.testng.PickleWrapper,io.cucumber.testng.FeatureWrapper)[pri:0, instance:TestRunner.Runner@5bda8e08]" started-at="2023-12-08T16:44:02 IST" name="runScenario" description="Runs Cucumber Scenarios" data-provider="scenarios" finished-at="2023-12-08T16:44:26 IST" duration-ms="23736" status="PASS">
          <params>
            <param index="0">
              <value>
                <![CDATA["Add To Cart DashBoard Product"]]>
              </value>
            </param>
            <param index="1">
              <value>
                <![CDATA["Optional[This is Book Cart Appliaction Demo]"]]>
              </value>
            </param>
          </params>
          <reporter-output>
          </reporter-output>
        </test-method> <!-- runScenario -->
        <test-method signature="runScenario(io.cucumber.testng.PickleWrapper,io.cucumber.testng.FeatureWrapper)[pri:0, instance:TestRunner.Runner@5bda8e08]" started-at="2023-12-08T16:44:26 IST" name="runScenario" description="Runs Cucumber Scenarios" data-provider="scenarios" finished-at="2023-12-08T16:44:29 IST" duration-ms="3205" status="PASS">
          <params>
            <param index="0">
              <value>
                <![CDATA["User Able To Register The Book Cart Application"]]>
              </value>
            </param>
            <param index="1">
              <value>
                <![CDATA["Optional[This is Book Cart Appliaction Demo]"]]>
              </value>
            </param>
          </params>
          <reporter-output>
          </reporter-output>
        </test-method> <!-- runScenario -->
        <test-method is-config="true" signature="tearDownClass()[pri:0, instance:TestRunner.Runner@5bda8e08]" started-at="2023-12-08T16:44:29 IST" name="tearDownClass" finished-at="2023-12-08T16:44:32 IST" duration-ms="2155" status="PASS">
          <reporter-output>
          </reporter-output>
        </test-method> <!-- tearDownClass -->
      </class> <!-- TestRunner.Runner -->
    </test> <!-- Default test -->
  </suite> <!-- Default suite -->
</testng-results>
