<?xml version="1.0" encoding="UTF-8"?>
<!-- Generated by org.testng.reporters.JUnitReportReporter -->
<testsuite hostname="DESKTOP-V16AQSL" failures="1" tests="3" name="TestRunner.Runner" time="51.400" errors="0" timestamp="2023-12-08T16:44:32 IST" skipped="0">
  <testcase classname="TestRunner.Runner" name="runScenario" time="3.205"/>
  <system-out/>
  <testcase classname="TestRunner.Runner" name="runScenario" time="23.736"/>
  <system-out/>
  <testcase classname="TestRunner.Runner" name="runScenario" time="24.459">
    <failure message="expected [1] but found [0]" type="java.lang.AssertionError">
      <![CDATA[java.lang.AssertionError: expected [1] but found [0]
at org.testng.Assert.fail(Assert.java:110)
at org.testng.Assert.failNotEquals(Assert.java:1577)
at org.testng.Assert.assertEqualsImpl(Assert.java:149)
at org.testng.Assert.assertEquals(Assert.java:131)
at org.testng.Assert.assertEquals(Assert.java:655)
at org.testng.Assert.assertEquals(Assert.java:665)
at StepDefention.AddToCart.theCartBadgeShouldBeUpdated(AddToCart.java:95)
at âœ½.The Cart Badge Should Be Updated(file:///C:/Users/admin/eclipse-workspace/Cucumber_Project/src/test/resources/FeatruesFills/AddToCart.feature:14)
]]>
    </failure>
  </testcase> <!-- runScenario -->
  <system-out/>
</testsuite> <!-- TestRunner.Runner -->
